#
# A fatal error has been detected by the Java Runtime Environment:
#
#  Internal Error (safepoint.cpp:555), pid=3005, tid=2944400192
#  Error: Deadlock in safepoint code.  Should have called back to the VM before blocking.
#
# JRE version: 6.0_17-b04
# Java VM: Java HotSpot(TM) Client VM (14.3-b01 mixed mode linux-x86 )
# If you would like to submit a bug report, please visit:
#   http://java.sun.com/webapps/bugreport/crash.jsp
#

---------------  T H R E A D  ---------------

Current thread (0xac9e8000):  JavaThread "main" [_thread_in_native_trans, id=3076, stack(0xaefff000,0xaf800000)]

Stack: [0xaefff000,0xaf800000],  sp=0xaf7f68d0,  free space=8158k
Native frames: (J=compiled Java code, j=interpreted, Vv=VM code, C=native code)
V  [libjvm.so+0x3fb71a]
V  [libjvm.so+0x191d6c]
V  [libjvm.so+0x35fa80]
V  [libjvm.so+0x3cc3ce]
V  [libjvm.so+0x21fba5]
C  [libmwjmi.so+0x74f3d]  _ZN22mljLocalReferenceFrameC1EP7JNIEnv_i+0x25
C  [libnativecmdwin.so+0x28096]  _ZN22JavaCmdWinStreamBuffer8privsyncEb+0x76
C  [libnativecmdwin.so+0x285c0]  _ZN22JavaCmdWinStreamBuffer8overflowEi+0x34
C  [libstdc++.so.6+0x9291d]  _ZNSt15basic_streambufIcSt11char_traitsIcEE6xsputnEPKci+0x3d
C  [libmwservices.so+0xa554b]
C  [libmwservices.so+0xa5830]
C  [libstdc++.so.6+0x9291d]  _ZNSt15basic_streambufIcSt11char_traitsIcEE6xsputnEPKci+0x3d
C  [libstdc++.so.6+0x88071]  _ZNSo5writeEPKci+0x51
C  [libmwmcr.so+0x109d90]
C  [libmwmcr.so+0x109eb9]
C  [libmwmcr.so+0x10a9e1]
C  [+0x40c]  __kernel_rt_sigreturn+0x0
V  [libjvm.so+0x4da32]
V  [libjvm.so+0x224ce3]
C  [libmwjmi.so+0x4bd44]  _Z19mljCallObjectMethodP8_jobjectP10_jmethodIDz+0x52
C  [libuij.so+0x32ad8]  _Z17UIJ_GetWindowRectP10WinRec_tagP6mwrect+0x71
C  [libmwgui.so+0x85345]  _Z16wm_GetWindowRectP10WinRec_tagP6mwrect+0x6b
C  [libmwuix.so+0x4d3b4]
C  [libmwgui.so+0x8aa37]  _Z15wm_StartDrawingP10WinRec_tagP6mwrect+0x60
C  [libuij.so+0x30731]
C  [libuij.so+0x33a68]  _Z13UIJ_ExposeFcnP10WinRec_tagP6mwrectb+0x28e
C  [libuij.so+0x118c2]
C  [libuij.so+0x2efa9]
C  [libmwudd.so+0x8b41b]
C  [libmwudd.so+0x8bd29]  _ZN21UDListenerManagerHost11notifyEventEP16UDDatabaseClientPK13UDEventSourcePK11UDEventInfoP7UDEvent+0x55
C  [libmwudd.so+0x812ca]  _ZN11UDEventInfo4sendEP16UDDatabaseClientP11UDInterfaceP7UDEvent+0x5a
C  [libmwudd.so+0x82cc6]  _ZN11UDInterface4sendEP16UDDatabaseClientP11UDEventInfoP7UDEvent+0x7e
C  [libmwudd_mi.so+0x2367a]
C  [libmwuix.so+0x66ca5]
C  [libmwuix.so+0x5e8d2]
C  [libmwuix.so+0x5ec48]  _Z17UIX_DispatchEventP7_XEvent+0x1f
C  [libmwuix.so+0x6e6da]
C  [libmwuix.so+0x6e89b]
C  [libmwservices.so+0xc79a1]  ioGetChar+0x87
C  [libmwbridge.so+0x19066]
C  [libmwbridge.so+0x1956d]  _Z10ioReadLinebP8_IO_FILEPcS1_iPbRKN5boost8optionalIKP15inWorkSpace_tagEEb+0x377
C  [libmwbridge.so+0x1998e]
C  [libmwbridge.so+0x1e87a]
C  [libmwbridge.so+0x1f46e]
C  [libmwbridge.so+0x1fbaa]  mnParser+0x245
C  [libmwmcr.so+0xefc3c]  _ZN11mcrInstance30mnParser_on_interpreter_threadEv+0x32
C  [libmwmcr.so+0xf7d6c]  _ZN5boost6detail8function26void_function_obj_invoker0INS_3_bi6bind_tIvNS_4_mfi3mf0Iv11mcrInstanceEENS3_5list1INS3_5valueIPS7_EEEEEEvE6invokeERNS1_15function_bufferE+0x1d
C  [libmwmcr.so+0xd1d82]
C  [libmwmcr.so+0xd1e4a]
C  [libmwuix.so+0x66ca5]
C  [libmwuix.so+0x5e8d2]
C  [libmwuix.so+0x69616]
C  [libmwservices.so+0x12f492]  _ZSt8for_eachIN9__gnu_cxx17__normal_iteratorIPN5boost8weak_ptrIN4sysq10ws_ppeHookEEESt6vectorIS6_SaIS6_EEEENS4_8during_FIS6_NS2_10shared_ptrIS5_EEEEET0_T_SH_SG_+0x4d
C  [libmwservices.so+0x13087f]
C  [libmwservices.so+0x12dbf1]  _Z25svWS_ProcessPendingEventsiib+0x2e6
C  [libmwservices.so+0x12eaa0]  _Z25svWS_ProcessPendingEventsii+0x2c
C  [libmwmcr.so+0xd106f]
C  [libmwmcr.so+0xd1520]
C  [libmwmcr.so+0xd167a]
C  [libpthread.so.0+0x6d4c]

Java frames: (J=compiled Java code, j=interpreted, Vv=VM code)
J  com.mathworks.jmi.bean.UDDObject.directGetPropertyFromMatlab(JJ)[Ljava/lang/Object;
C  0x61373661
